<?xml version="1.0" encoding="UTF-8"?>
<!-- Generated by org.testng.reporters.JUnitReportReporter -->
<testsuite hostname="amr016-HP-ProBook-430-G1" failures="0" tests="3" name="package2.Class2" time="0.003" errors="0" timestamp="2021-08-13T14:46:41 IST" skipped="0">
  <testcase classname="package2.Class2" name="p2c2m1" time="0.001"/>
  <system-out/>
  <testcase classname="package2.Class2" name="p2c2m2" time="0.001"/>
  <system-out/>
  <testcase classname="package2.Class2" name="p2c2m3" time="0.001"/>
  <system-out/>
</testsuite> <!-- package2.Class2 -->
