<?xml version="1.0" encoding="UTF-8"?>
<!-- Generated by org.testng.reporters.JUnitReportReporter -->
<testsuite hostname="amr016-HP-ProBook-430-G1" failures="0" tests="3" name="package1.Class1" time="0.014" errors="0" timestamp="2021-08-13T14:46:41 IST" skipped="0">
  <testcase classname="package1.Class1" name="p1c1m1" time="0.009"/>
  <system-out/>
  <testcase classname="package1.Class1" name="p1c1m2" time="0.002"/>
  <system-out/>
  <testcase classname="package1.Class1" name="p1c1m3" time="0.003"/>
  <system-out/>
</testsuite> <!-- package1.Class1 -->
